<?xml version="1.0" encoding="UTF-8"?>
<!-- Generated by org.testng.reporters.JUnitXMLReporter -->
<testsuite hostname="uf201402001d" name="Default test" tests="11" failures="0" timestamp="9 Mar 2015 08:16:54 GMT" time="89.481" errors="0">
  <testcase name="BSTree" time="0.0030" classname="com.algorithm.bstree.BSTreeTest"/>
  <testcase name="deleteMax" time="0.0010" classname="com.algorithm.bstree.BSTreeTest"/>
  <testcase name="deleteMin" time="89.414" classname="com.algorithm.bstree.BSTreeTest"/>
  <testcase name="deleteString" time="0.0020" classname="com.algorithm.bstree.BSTreeTest"/>
  <testcase name="f" time="0.0010" classname="com.algorithm.bstree.BSTreeTest"/>
  <testcase name="f" time="0.0" classname="com.algorithm.bstree.BSTreeTest"/>
  <testcase name="getString" time="0.0030" classname="com.algorithm.bstree.BSTreeTest"/>
  <testcase name="max" time="0.0010" classname="com.algorithm.bstree.BSTreeTest"/>
  <testcase name="min" time="0.0010" classname="com.algorithm.bstree.BSTreeTest"/>
  <testcase name="putStringint" time="0.0010" classname="com.algorithm.bstree.BSTreeTest"/>
  <testcase name="size" time="0.0010" classname="com.algorithm.bstree.BSTreeTest"/>
</testsuite> <!-- Default test -->
